<?xml version="1.0" encoding="UTF-8"?>
<!-- Generated by org.testng.reporters.JUnitReportReporter -->
<testsuite hostname="DESKTOP-VR1DF6D" failures="0" tests="2" name="restAssured.RestAssured" time="3.999" errors="0" timestamp="2023-07-23T12:46:15 EDT" skipped="0">
  <testcase classname="restAssured.RestAssured" name="updateRequest" time="0.542"/>
  <testcase classname="restAssured.RestAssured" name="postRequest" time="3.457"/>
</testsuite> <!-- restAssured.RestAssured -->
